<?xml version="1.0" encoding="UTF-8"?>
<!-- Generated by org.testng.reporters.JUnitReportReporter -->
<testsuite skipped="0" hostname="Z1-471" name="Maven_practice.WishListTest" tests="1" failures="0" timestamp="13 Jun 2022 04:26:16 GMT" time="37.760" errors="0">
  <testcase name="test" time="37.760" classname="Maven_practice.WishListTest"/>
</testsuite> <!-- Maven_practice.WishListTest -->
