<?xml version="1.0" encoding="UTF-8"?>
<!-- Generated by org.testng.reporters.JUnitReportReporter -->
<testsuite skipped="0" hostname="Z1-471" name="Maven_practice.DropDownWithoutSelectTest" tests="1" failures="0" timestamp="12 Jun 2022 06:48:42 GMT" time="17.097" errors="0">
  <testcase name="choose" time="17.097" classname="Maven_practice.DropDownWithoutSelectTest"/>
</testsuite> <!-- Maven_practice.DropDownWithoutSelectTest -->
