<?xml version="1.0" encoding="UTF-8"?>
<!-- Generated by org.testng.reporters.JUnitReportReporter -->
<testsuite skipped="0" hostname="Z1-471" name="Maven_practice.EndtoEndDemoTest" tests="1" failures="0" timestamp="13 Jun 2022 04:06:39 GMT" time="10.104" errors="0">
  <testcase name="Addtocart" time="10.104" classname="Maven_practice.EndtoEndDemoTest"/>
</testsuite> <!-- Maven_practice.EndtoEndDemoTest -->
