<?xml version="1.0" encoding="UTF-8"?>
<!-- Generated by org.testng.reporters.JUnitReportReporter -->
<testsuite skipped="0" hostname="Z1-471" name="Maven_practice.DemoSelectDropdownTest" tests="1" failures="0" timestamp="12 Jun 2022 05:05:57 GMT" time="41.168" errors="0">
  <testcase name="select" time="41.168" classname="Maven_practice.DemoSelectDropdownTest"/>
</testsuite> <!-- Maven_practice.DemoSelectDropdownTest -->
