<?xml version="1.0" encoding="UTF-8"?>
<!-- Generated by org.testng.reporters.JUnitReportReporter -->
<testsuite skipped="0" hostname="Z1-471" name="Maven_practice.Demo_TC_test" tests="1" failures="0" timestamp="11 Jun 2022 15:56:09 GMT" time="16.328" errors="0">
  <testcase name="login" time="16.328" classname="Maven_practice.Demo_TC_test"/>
</testsuite> <!-- Maven_practice.Demo_TC_test -->
