<?xml version="1.0" encoding="UTF-8"?>
<!-- Generated by org.testng.reporters.JUnitReportReporter -->
<testsuite skipped="0" hostname="Z1-471" name="Maven_practice.BaseClassTest" tests="1" failures="0" timestamp="13 Jun 2022 03:55:34 GMT" time="2.599" errors="0">
  <testcase name="test" time="2.599" classname="Maven_practice.BaseClassTest"/>
</testsuite> <!-- Maven_practice.BaseClassTest -->
