<?xml version="1.0" encoding="UTF-8"?>
<!-- Generated by org.testng.reporters.JUnitReportReporter -->
<testsuite skipped="0" hostname="Z1-471" name="Maven_practice.Demo_TC" tests="1" failures="0" timestamp="11 Jun 2022 15:54:33 GMT" time="24.173" errors="0">
  <testcase name="login" time="24.173" classname="Maven_practice.Demo_TC"/>
</testsuite> <!-- Maven_practice.Demo_TC -->
