<?xml version="1.0" encoding="UTF-8"?>
<!-- Generated by org.testng.reporters.JUnitReportReporter -->
<testsuite skipped="0" hostname="Z1-471" name="Maven_practice.RegisterTest" tests="1" failures="0" timestamp="11 Jun 2022 16:42:06 GMT" time="27.766" errors="0">
  <testcase name="RigisterTc" time="27.766" classname="Maven_practice.RegisterTest"/>
</testsuite> <!-- Maven_practice.RegisterTest -->
