<?xml version="1.0" encoding="UTF-8"?>
<!-- Generated by org.testng.reporters.JUnitReportReporter -->
<testsuite skipped="0" hostname="Z1-471" name="Maven_practice.LaunchingBrowserTest" tests="1" failures="0" timestamp="11 Jun 2022 15:24:22 GMT" time="29.813" errors="0">
  <testcase name="tc" time="29.813" classname="Maven_practice.LaunchingBrowserTest"/>
</testsuite> <!-- Maven_practice.LaunchingBrowserTest -->
