<?xml version="1.0" encoding="UTF-8"?>
<!-- Generated by org.testng.reporters.JUnitReportReporter -->
<testsuite skipped="0" hostname="Z1-471" name="Maven_practice.DemologinTest" tests="1" failures="0" timestamp="11 Jun 2022 17:22:04 GMT" time="30.949" errors="0">
  <testcase name="login" time="30.949" classname="Maven_practice.DemologinTest"/>
</testsuite> <!-- Maven_practice.DemologinTest -->
