<?xml version="1.0" encoding="UTF-8"?>
<!-- Generated by org.testng.reporters.JUnitReportReporter -->
<testsuite skipped="0" hostname="Z1-471" name="Maven_practice.DemoTCTest" tests="1" failures="0" timestamp="11 Jun 2022 16:26:48 GMT" time="20.648" errors="0">
  <testcase name="login" time="20.648" classname="Maven_practice.DemoTCTest"/>
</testsuite> <!-- Maven_practice.DemoTCTest -->
